{"/Users/shoryasaxena/Desktop/code/node/nodeDynamoCaliper/index.js": {"path":"/Users/shoryasaxena/Desktop/code/node/nodeDynamoCaliper/index.js","statementMap":{"0":{"start":{"line":3,"column":29},"end":{"line":3,"column":62}},"1":{"start":{"line":4,"column":12},"end":{"line":4,"column":34}},"2":{"start":{"line":6,"column":15},"end":{"line":6,"column":53}},"3":{"start":{"line":8,"column":0},"end":{"line":10,"column":1}},"4":{"start":{"line":9,"column":2},"end":{"line":9,"column":60}}},"fnMap":{"0":{"name":"(anonymous_0)","decl":{"start":{"line":8,"column":18},"end":{"line":8,"column":19}},"loc":{"start":{"line":8,"column":38},"end":{"line":10,"column":1}},"line":8}},"branchMap":{},"s":{"0":1,"1":1,"2":1,"3":1,"4":0},"f":{"0":0},"b":{},"_coverageSchema":"1a1c01bbd47fc00a2c39e90264f33305004495a9","hash":"d9fd28e920874a4364965e55a1d0aff0ab1d85f1"}
,"/Users/shoryasaxena/Desktop/code/node/nodeDynamoCaliper/src/index.js": {"path":"/Users/shoryasaxena/Desktop/code/node/nodeDynamoCaliper/src/index.js","statementMap":{"0":{"start":{"line":1,"column":16},"end":{"line":1,"column":34}},"1":{"start":{"line":2,"column":19},"end":{"line":2,"column":41}},"2":{"start":{"line":3,"column":13},"end":{"line":3,"column":28}},"3":{"start":{"line":4,"column":12},"end":{"line":4,"column":37}},"4":{"start":{"line":5,"column":21},"end":{"line":5,"column":56}},"5":{"start":{"line":6,"column":10},"end":{"line":6,"column":19}},"6":{"start":{"line":8,"column":20},"end":{"line":8,"column":53}},"7":{"start":{"line":11,"column":0},"end":{"line":11,"column":16}},"8":{"start":{"line":12,"column":0},"end":{"line":12,"column":27}},"9":{"start":{"line":17,"column":0},"end":{"line":17,"column":35}},"10":{"start":{"line":20,"column":0},"end":{"line":20,"column":22}},"11":{"start":{"line":24,"column":13},"end":{"line":27,"column":1}},"12":{"start":{"line":28,"column":0},"end":{"line":30,"column":3}},"13":{"start":{"line":29,"column":4},"end":{"line":29,"column":70}},"14":{"start":{"line":33,"column":0},"end":{"line":33,"column":21}}},"fnMap":{"0":{"name":"(anonymous_0)","decl":{"start":{"line":28,"column":40},"end":{"line":28,"column":41}},"loc":{"start":{"line":28,"column":51},"end":{"line":30,"column":1}},"line":28}},"branchMap":{},"s":{"0":1,"1":1,"2":1,"3":1,"4":1,"5":1,"6":1,"7":1,"8":1,"9":1,"10":1,"11":1,"12":1,"13":1,"14":1},"f":{"0":1},"b":{},"_coverageSchema":"1a1c01bbd47fc00a2c39e90264f33305004495a9","hash":"24bec251d5fce22c86e0be282e844b2311ab30eb"}
,"/Users/shoryasaxena/Desktop/code/node/nodeDynamoCaliper/src/_helpers/error-handler.js": {"path":"/Users/shoryasaxena/Desktop/code/node/nodeDynamoCaliper/src/_helpers/error-handler.js","statementMap":{"0":{"start":{"line":1,"column":0},"end":{"line":1,"column":30}},"1":{"start":{"line":4,"column":4},"end":{"line":7,"column":5}},"2":{"start":{"line":6,"column":8},"end":{"line":6,"column":54}},"3":{"start":{"line":9,"column":4},"end":{"line":12,"column":5}},"4":{"start":{"line":11,"column":8},"end":{"line":11,"column":66}},"5":{"start":{"line":15,"column":4},"end":{"line":15,"column":58}}},"fnMap":{"0":{"name":"errorHandler","decl":{"start":{"line":3,"column":9},"end":{"line":3,"column":21}},"loc":{"start":{"line":3,"column":43},"end":{"line":16,"column":1}},"line":3}},"branchMap":{"0":{"loc":{"start":{"line":4,"column":4},"end":{"line":7,"column":5}},"type":"if","locations":[{"start":{"line":4,"column":4},"end":{"line":7,"column":5}},{"start":{"line":4,"column":4},"end":{"line":7,"column":5}}],"line":4},"1":{"loc":{"start":{"line":9,"column":4},"end":{"line":12,"column":5}},"type":"if","locations":[{"start":{"line":9,"column":4},"end":{"line":12,"column":5}},{"start":{"line":9,"column":4},"end":{"line":12,"column":5}}],"line":9}},"s":{"0":1,"1":0,"2":0,"3":0,"4":0,"5":0},"f":{"0":0},"b":{"0":[0,0],"1":[0,0]},"_coverageSchema":"1a1c01bbd47fc00a2c39e90264f33305004495a9","hash":"614f5ad9b27ee96a39d02c42fd565122498736a4"}
,"/Users/shoryasaxena/Desktop/code/node/nodeDynamoCaliper/src/_helpers/jwt.js": {"path":"/Users/shoryasaxena/Desktop/code/node/nodeDynamoCaliper/src/_helpers/jwt.js","statementMap":{"0":{"start":{"line":1,"column":19},"end":{"line":1,"column":41}},"1":{"start":{"line":2,"column":15},"end":{"line":2,"column":34}},"2":{"start":{"line":3,"column":15},"end":{"line":3,"column":40}},"3":{"start":{"line":5,"column":0},"end":{"line":5,"column":21}},"4":{"start":{"line":7,"column":15},"end":{"line":12,"column":4}},"5":{"start":{"line":17,"column":4},"end":{"line":26,"column":7}}},"fnMap":{"0":{"name":"jwt","decl":{"start":{"line":15,"column":9},"end":{"line":15,"column":12}},"loc":{"start":{"line":15,"column":15},"end":{"line":27,"column":1}},"line":15}},"branchMap":{},"s":{"0":1,"1":1,"2":1,"3":1,"4":1,"5":0},"f":{"0":0},"b":{},"_coverageSchema":"1a1c01bbd47fc00a2c39e90264f33305004495a9","hash":"395a03440b253b444121bf57902be19eb830fd3e"}
,"/Users/shoryasaxena/Desktop/code/node/nodeDynamoCaliper/src/services/user/common.js": {"path":"/Users/shoryasaxena/Desktop/code/node/nodeDynamoCaliper/src/services/user/common.js","statementMap":{"0":{"start":{"line":1,"column":12},"end":{"line":1,"column":35}},"1":{"start":{"line":3,"column":21},"end":{"line":3,"column":56}},"2":{"start":{"line":5,"column":26},"end":{"line":15,"column":3}},"3":{"start":{"line":6,"column":4},"end":{"line":14,"column":5}},"4":{"start":{"line":7,"column":20},"end":{"line":7,"column":37}},"5":{"start":{"line":8,"column":6},"end":{"line":10,"column":7}},"6":{"start":{"line":9,"column":8},"end":{"line":9,"column":47}},"7":{"start":{"line":11,"column":8},"end":{"line":11,"column":23}},"8":{"start":{"line":13,"column":6},"end":{"line":13,"column":16}},"9":{"start":{"line":17,"column":30},"end":{"line":39,"column":3}},"10":{"start":{"line":18,"column":4},"end":{"line":38,"column":5}},"11":{"start":{"line":20,"column":21},"end":{"line":20,"column":60}},"12":{"start":{"line":22,"column":6},"end":{"line":26,"column":7}},"13":{"start":{"line":23,"column":8},"end":{"line":25,"column":10}},"14":{"start":{"line":27,"column":6},"end":{"line":34,"column":7}},"15":{"start":{"line":29,"column":30},"end":{"line":29,"column":58}},"16":{"start":{"line":31,"column":8},"end":{"line":33,"column":10}},"17":{"start":{"line":35,"column":6},"end":{"line":35,"column":22}},"18":{"start":{"line":37,"column":6},"end":{"line":37,"column":18}},"19":{"start":{"line":42,"column":18},"end":{"line":44,"column":3}},"20":{"start":{"line":43,"column":4},"end":{"line":43,"column":33}},"21":{"start":{"line":46,"column":16},"end":{"line":49,"column":3}},"22":{"start":{"line":47,"column":4},"end":{"line":47,"column":35}},"23":{"start":{"line":48,"column":4},"end":{"line":48,"column":21}},"24":{"start":{"line":51,"column":18},"end":{"line":53,"column":3}},"25":{"start":{"line":52,"column":4},"end":{"line":52,"column":41}},"26":{"start":{"line":55,"column":17},"end":{"line":57,"column":1}},"27":{"start":{"line":56,"column":4},"end":{"line":56,"column":49}},"28":{"start":{"line":59,"column":0},"end":{"line":66,"column":1}}},"fnMap":{"0":{"name":"(anonymous_0)","decl":{"start":{"line":5,"column":26},"end":{"line":5,"column":27}},"loc":{"start":{"line":5,"column":49},"end":{"line":15,"column":3}},"line":5},"1":{"name":"(anonymous_1)","decl":{"start":{"line":17,"column":30},"end":{"line":17,"column":31}},"loc":{"start":{"line":17,"column":64},"end":{"line":39,"column":3}},"line":17},"2":{"name":"(anonymous_2)","decl":{"start":{"line":29,"column":23},"end":{"line":29,"column":24}},"loc":{"start":{"line":29,"column":30},"end":{"line":29,"column":58}},"line":29},"3":{"name":"(anonymous_3)","decl":{"start":{"line":42,"column":18},"end":{"line":42,"column":19}},"loc":{"start":{"line":42,"column":31},"end":{"line":44,"column":3}},"line":42},"4":{"name":"(anonymous_4)","decl":{"start":{"line":46,"column":16},"end":{"line":46,"column":17}},"loc":{"start":{"line":46,"column":39},"end":{"line":49,"column":3}},"line":46},"5":{"name":"(anonymous_5)","decl":{"start":{"line":51,"column":18},"end":{"line":51,"column":19}},"loc":{"start":{"line":51,"column":37},"end":{"line":53,"column":3}},"line":51},"6":{"name":"(anonymous_6)","decl":{"start":{"line":55,"column":17},"end":{"line":55,"column":18}},"loc":{"start":{"line":55,"column":30},"end":{"line":57,"column":1}},"line":55}},"branchMap":{"0":{"loc":{"start":{"line":8,"column":6},"end":{"line":10,"column":7}},"type":"if","locations":[{"start":{"line":8,"column":6},"end":{"line":10,"column":7}},{"start":{"line":8,"column":6},"end":{"line":10,"column":7}}],"line":8},"1":{"loc":{"start":{"line":22,"column":6},"end":{"line":26,"column":7}},"type":"if","locations":[{"start":{"line":22,"column":6},"end":{"line":26,"column":7}},{"start":{"line":22,"column":6},"end":{"line":26,"column":7}}],"line":22},"2":{"loc":{"start":{"line":27,"column":6},"end":{"line":34,"column":7}},"type":"if","locations":[{"start":{"line":27,"column":6},"end":{"line":34,"column":7}},{"start":{"line":27,"column":6},"end":{"line":34,"column":7}}],"line":27},"3":{"loc":{"start":{"line":28,"column":8},"end":{"line":29,"column":59}},"type":"binary-expr","locations":[{"start":{"line":28,"column":8},"end":{"line":28,"column":20}},{"start":{"line":29,"column":8},"end":{"line":29,"column":59}}],"line":28}},"s":{"0":1,"1":1,"2":1,"3":0,"4":0,"5":0,"6":0,"7":0,"8":0,"9":1,"10":0,"11":0,"12":0,"13":0,"14":0,"15":0,"16":0,"17":0,"18":0,"19":1,"20":0,"21":1,"22":0,"23":0,"24":1,"25":0,"26":1,"27":0,"28":1},"f":{"0":0,"1":0,"2":0,"3":0,"4":0,"5":0,"6":0},"b":{"0":[0,0],"1":[0,0],"2":[0,0],"3":[0,0]},"_coverageSchema":"1a1c01bbd47fc00a2c39e90264f33305004495a9","hash":"4ab076ddeef440c1770e4e18621e31e2b6e3ef83"}
,"/Users/shoryasaxena/Desktop/code/node/nodeDynamoCaliper/src/services/user/routes.js": {"path":"/Users/shoryasaxena/Desktop/code/node/nodeDynamoCaliper/src/services/user/routes.js","statementMap":{"0":{"start":{"line":1,"column":23},"end":{"line":1,"column":50}},"1":{"start":{"line":2,"column":16},"end":{"line":2,"column":34}},"2":{"start":{"line":3,"column":14},"end":{"line":3,"column":31}},"3":{"start":{"line":5,"column":15},"end":{"line":7,"column":2}},"4":{"start":{"line":9,"column":14},"end":{"line":9,"column":33}},"5":{"start":{"line":11,"column":0},"end":{"line":18,"column":3}},"6":{"start":{"line":12,"column":2},"end":{"line":17,"column":3}},"7":{"start":{"line":13,"column":4},"end":{"line":13,"column":43}},"8":{"start":{"line":14,"column":4},"end":{"line":14,"column":58}},"9":{"start":{"line":16,"column":4},"end":{"line":16,"column":32}},"10":{"start":{"line":20,"column":0},"end":{"line":28,"column":3}},"11":{"start":{"line":21,"column":2},"end":{"line":27,"column":3}},"12":{"start":{"line":22,"column":17},"end":{"line":22,"column":61}},"13":{"start":{"line":23,"column":4},"end":{"line":23,"column":81}},"14":{"start":{"line":25,"column":4},"end":{"line":25,"column":47}},"15":{"start":{"line":26,"column":4},"end":{"line":26,"column":32}},"16":{"start":{"line":31,"column":0},"end":{"line":42,"column":3}},"17":{"start":{"line":32,"column":2},"end":{"line":41,"column":3}},"18":{"start":{"line":33,"column":20},"end":{"line":33,"column":50}},"19":{"start":{"line":34,"column":17},"end":{"line":37,"column":5}},"20":{"start":{"line":38,"column":4},"end":{"line":38,"column":80}},"21":{"start":{"line":40,"column":4},"end":{"line":40,"column":32}},"22":{"start":{"line":46,"column":0},"end":{"line":57,"column":3}},"23":{"start":{"line":47,"column":2},"end":{"line":56,"column":3}},"24":{"start":{"line":48,"column":20},"end":{"line":48,"column":50}},"25":{"start":{"line":49,"column":17},"end":{"line":52,"column":5}},"26":{"start":{"line":53,"column":4},"end":{"line":53,"column":81}},"27":{"start":{"line":55,"column":4},"end":{"line":55,"column":36}},"28":{"start":{"line":59,"column":0},"end":{"line":70,"column":3}},"29":{"start":{"line":60,"column":2},"end":{"line":69,"column":3}},"30":{"start":{"line":61,"column":20},"end":{"line":61,"column":50}},"31":{"start":{"line":62,"column":17},"end":{"line":65,"column":5}},"32":{"start":{"line":66,"column":4},"end":{"line":66,"column":79}},"33":{"start":{"line":68,"column":4},"end":{"line":68,"column":64}},"34":{"start":{"line":72,"column":0},"end":{"line":83,"column":3}},"35":{"start":{"line":73,"column":2},"end":{"line":82,"column":3}},"36":{"start":{"line":74,"column":20},"end":{"line":74,"column":50}},"37":{"start":{"line":75,"column":17},"end":{"line":78,"column":5}},"38":{"start":{"line":79,"column":4},"end":{"line":79,"column":78}},"39":{"start":{"line":81,"column":4},"end":{"line":81,"column":36}},"40":{"start":{"line":85,"column":0},"end":{"line":96,"column":3}},"41":{"start":{"line":86,"column":2},"end":{"line":95,"column":3}},"42":{"start":{"line":87,"column":21},"end":{"line":87,"column":51}},"43":{"start":{"line":88,"column":17},"end":{"line":91,"column":5}},"44":{"start":{"line":92,"column":4},"end":{"line":92,"column":78}},"45":{"start":{"line":94,"column":4},"end":{"line":94,"column":36}},"46":{"start":{"line":98,"column":0},"end":{"line":111,"column":3}},"47":{"start":{"line":101,"column":2},"end":{"line":110,"column":3}},"48":{"start":{"line":102,"column":20},"end":{"line":102,"column":50}},"49":{"start":{"line":103,"column":17},"end":{"line":106,"column":5}},"50":{"start":{"line":107,"column":4},"end":{"line":107,"column":80}},"51":{"start":{"line":109,"column":4},"end":{"line":109,"column":36}},"52":{"start":{"line":114,"column":0},"end":{"line":127,"column":3}},"53":{"start":{"line":117,"column":2},"end":{"line":126,"column":3}},"54":{"start":{"line":118,"column":20},"end":{"line":118,"column":50}},"55":{"start":{"line":119,"column":17},"end":{"line":122,"column":5}},"56":{"start":{"line":123,"column":4},"end":{"line":123,"column":79}},"57":{"start":{"line":125,"column":4},"end":{"line":125,"column":36}},"58":{"start":{"line":129,"column":0},"end":{"line":141,"column":3}},"59":{"start":{"line":130,"column":2},"end":{"line":140,"column":3}},"60":{"start":{"line":131,"column":20},"end":{"line":131,"column":50}},"61":{"start":{"line":132,"column":17},"end":{"line":136,"column":3}},"62":{"start":{"line":137,"column":2},"end":{"line":137,"column":77}},"63":{"start":{"line":139,"column":4},"end":{"line":139,"column":32}},"64":{"start":{"line":143,"column":0},"end":{"line":145,"column":2}}},"fnMap":{"0":{"name":"(anonymous_0)","decl":{"start":{"line":11,"column":28},"end":{"line":11,"column":29}},"loc":{"start":{"line":11,"column":48},"end":{"line":18,"column":1}},"line":11},"1":{"name":"(anonymous_1)","decl":{"start":{"line":20,"column":25},"end":{"line":20,"column":26}},"loc":{"start":{"line":20,"column":45},"end":{"line":28,"column":1}},"line":20},"2":{"name":"(anonymous_2)","decl":{"start":{"line":31,"column":38},"end":{"line":31,"column":39}},"loc":{"start":{"line":31,"column":58},"end":{"line":42,"column":1}},"line":31},"3":{"name":"(anonymous_3)","decl":{"start":{"line":46,"column":29},"end":{"line":46,"column":30}},"loc":{"start":{"line":46,"column":49},"end":{"line":57,"column":1}},"line":46},"4":{"name":"(anonymous_4)","decl":{"start":{"line":59,"column":30},"end":{"line":59,"column":31}},"loc":{"start":{"line":59,"column":50},"end":{"line":70,"column":1}},"line":59},"5":{"name":"(anonymous_5)","decl":{"start":{"line":72,"column":29},"end":{"line":72,"column":30}},"loc":{"start":{"line":72,"column":49},"end":{"line":83,"column":1}},"line":72},"6":{"name":"(anonymous_6)","decl":{"start":{"line":85,"column":31},"end":{"line":85,"column":32}},"loc":{"start":{"line":85,"column":51},"end":{"line":96,"column":1}},"line":85},"7":{"name":"(anonymous_7)","decl":{"start":{"line":100,"column":22},"end":{"line":100,"column":23}},"loc":{"start":{"line":100,"column":42},"end":{"line":111,"column":1}},"line":100},"8":{"name":"(anonymous_8)","decl":{"start":{"line":116,"column":22},"end":{"line":116,"column":23}},"loc":{"start":{"line":116,"column":42},"end":{"line":127,"column":1}},"line":116},"9":{"name":"(anonymous_9)","decl":{"start":{"line":129,"column":30},"end":{"line":129,"column":31}},"loc":{"start":{"line":129,"column":50},"end":{"line":141,"column":1}},"line":129}},"branchMap":{},"s":{"0":1,"1":1,"2":1,"3":1,"4":1,"5":1,"6":0,"7":0,"8":0,"9":0,"10":1,"11":0,"12":0,"13":0,"14":0,"15":0,"16":1,"17":0,"18":0,"19":0,"20":0,"21":0,"22":1,"23":0,"24":0,"25":0,"26":0,"27":0,"28":1,"29":0,"30":0,"31":0,"32":0,"33":0,"34":1,"35":0,"36":0,"37":0,"38":0,"39":0,"40":1,"41":0,"42":0,"43":0,"44":0,"45":0,"46":1,"47":0,"48":0,"49":0,"50":0,"51":0,"52":1,"53":0,"54":0,"55":0,"56":0,"57":0,"58":1,"59":0,"60":0,"61":0,"62":0,"63":0,"64":1},"f":{"0":0,"1":0,"2":0,"3":0,"4":0,"5":0,"6":0,"7":0,"8":0,"9":0},"b":{},"_coverageSchema":"1a1c01bbd47fc00a2c39e90264f33305004495a9","hash":"3a929196b7c579e2acfeb78628106506c913f288"}
,"/Users/shoryasaxena/Desktop/code/node/nodeDynamoCaliper/src/services/user/userController.js": {"path":"/Users/shoryasaxena/Desktop/code/node/nodeDynamoCaliper/src/services/user/userController.js","statementMap":{"0":{"start":{"line":1,"column":23},"end":{"line":1,"column":38}},"1":{"start":{"line":3,"column":15},"end":{"line":3,"column":43}},"2":{"start":{"line":4,"column":21},"end":{"line":4,"column":56}},"3":{"start":{"line":5,"column":13},"end":{"line":5,"column":32}},"4":{"start":{"line":7,"column":22},"end":{"line":22,"column":1}},"5":{"start":{"line":8,"column":2},"end":{"line":21,"column":3}},"6":{"start":{"line":9,"column":4},"end":{"line":9,"column":49}},"7":{"start":{"line":10,"column":17},"end":{"line":10,"column":25}},"8":{"start":{"line":11,"column":22},"end":{"line":11,"column":50}},"9":{"start":{"line":12,"column":4},"end":{"line":16,"column":7}},"10":{"start":{"line":17,"column":4},"end":{"line":17,"column":47}},"11":{"start":{"line":18,"column":4},"end":{"line":18,"column":60}},"12":{"start":{"line":20,"column":4},"end":{"line":20,"column":16}},"13":{"start":{"line":24,"column":19},"end":{"line":39,"column":1}},"14":{"start":{"line":25,"column":2},"end":{"line":38,"column":3}},"15":{"start":{"line":26,"column":24},"end":{"line":26,"column":51}},"16":{"start":{"line":27,"column":34},"end":{"line":27,"column":82}},"17":{"start":{"line":28,"column":2},"end":{"line":34,"column":3}},"18":{"start":{"line":29,"column":4},"end":{"line":29,"column":96}},"19":{"start":{"line":30,"column":4},"end":{"line":32,"column":5}},"20":{"start":{"line":31,"column":6},"end":{"line":31,"column":39}},"21":{"start":{"line":35,"column":2},"end":{"line":35,"column":23}},"22":{"start":{"line":37,"column":4},"end":{"line":37,"column":16}},"23":{"start":{"line":42,"column":33},"end":{"line":54,"column":1}},"24":{"start":{"line":43,"column":2},"end":{"line":53,"column":3}},"25":{"start":{"line":44,"column":24},"end":{"line":44,"column":83}},"26":{"start":{"line":45,"column":4},"end":{"line":45,"column":31}},"27":{"start":{"line":46,"column":4},"end":{"line":46,"column":24}},"28":{"start":{"line":47,"column":26},"end":{"line":47,"column":55}},"29":{"start":{"line":48,"column":4},"end":{"line":48,"column":61}},"30":{"start":{"line":49,"column":4},"end":{"line":49,"column":32}},"31":{"start":{"line":50,"column":4},"end":{"line":50,"column":85}},"32":{"start":{"line":52,"column":4},"end":{"line":52,"column":16}},"33":{"start":{"line":56,"column":31},"end":{"line":66,"column":1}},"34":{"start":{"line":57,"column":2},"end":{"line":65,"column":3}},"35":{"start":{"line":58,"column":25},"end":{"line":58,"column":52}},"36":{"start":{"line":59,"column":4},"end":{"line":59,"column":31}},"37":{"start":{"line":60,"column":4},"end":{"line":60,"column":24}},"38":{"start":{"line":61,"column":4},"end":{"line":61,"column":38}},"39":{"start":{"line":62,"column":4},"end":{"line":62,"column":53}},"40":{"start":{"line":64,"column":4},"end":{"line":64,"column":16}},"41":{"start":{"line":68,"column":27},"end":{"line":75,"column":1}},"42":{"start":{"line":69,"column":2},"end":{"line":74,"column":3}},"43":{"start":{"line":70,"column":4},"end":{"line":70,"column":73}},"44":{"start":{"line":71,"column":4},"end":{"line":71,"column":80}},"45":{"start":{"line":73,"column":3},"end":{"line":73,"column":15}},"46":{"start":{"line":77,"column":26},"end":{"line":85,"column":1}},"47":{"start":{"line":78,"column":2},"end":{"line":84,"column":3}},"48":{"start":{"line":79,"column":26},"end":{"line":79,"column":55}},"49":{"start":{"line":80,"column":4},"end":{"line":80,"column":73}},"50":{"start":{"line":81,"column":4},"end":{"line":81,"column":85}},"51":{"start":{"line":83,"column":3},"end":{"line":83,"column":15}},"52":{"start":{"line":88,"column":32},"end":{"line":115,"column":3}},"53":{"start":{"line":89,"column":2},"end":{"line":114,"column":3}},"54":{"start":{"line":90,"column":28},"end":{"line":90,"column":60}},"55":{"start":{"line":91,"column":23},"end":{"line":91,"column":34}},"56":{"start":{"line":92,"column":30},"end":{"line":98,"column":7}},"57":{"start":{"line":100,"column":36},"end":{"line":100,"column":69}},"58":{"start":{"line":101,"column":27},"end":{"line":101,"column":45}},"59":{"start":{"line":103,"column":6},"end":{"line":110,"column":7}},"60":{"start":{"line":104,"column":8},"end":{"line":107,"column":9}},"61":{"start":{"line":106,"column":10},"end":{"line":106,"column":84}},"62":{"start":{"line":108,"column":27},"end":{"line":108,"column":78}},"63":{"start":{"line":109,"column":8},"end":{"line":109,"column":77}},"64":{"start":{"line":111,"column":6},"end":{"line":111,"column":28}},"65":{"start":{"line":113,"column":4},"end":{"line":113,"column":16}},"66":{"start":{"line":117,"column":30},"end":{"line":132,"column":2}},"67":{"start":{"line":118,"column":3},"end":{"line":129,"column":4}},"68":{"start":{"line":119,"column":21},"end":{"line":119,"column":48}},"69":{"start":{"line":120,"column":32},"end":{"line":120,"column":80}},"70":{"start":{"line":121,"column":23},"end":{"line":121,"column":41}},"71":{"start":{"line":122,"column":2},"end":{"line":125,"column":3}},"72":{"start":{"line":123,"column":4},"end":{"line":123,"column":96}},"73":{"start":{"line":126,"column":2},"end":{"line":126,"column":24}},"74":{"start":{"line":128,"column":5},"end":{"line":128,"column":17}},"75":{"start":{"line":133,"column":36},"end":{"line":168,"column":1}},"76":{"start":{"line":134,"column":2},"end":{"line":167,"column":3}},"77":{"start":{"line":135,"column":24},"end":{"line":135,"column":51}},"78":{"start":{"line":136,"column":21},"end":{"line":136,"column":42}},"79":{"start":{"line":137,"column":20},"end":{"line":137,"column":41}},"80":{"start":{"line":138,"column":15},"end":{"line":138,"column":29}},"81":{"start":{"line":139,"column":18},"end":{"line":139,"column":66}},"82":{"start":{"line":140,"column":4},"end":{"line":140,"column":36}},"83":{"start":{"line":141,"column":4},"end":{"line":141,"column":34}},"84":{"start":{"line":142,"column":4},"end":{"line":142,"column":29}},"85":{"start":{"line":143,"column":4},"end":{"line":143,"column":33}},"86":{"start":{"line":144,"column":17},"end":{"line":144,"column":26}},"87":{"start":{"line":145,"column":2},"end":{"line":149,"column":3}},"88":{"start":{"line":146,"column":4},"end":{"line":146,"column":23}},"89":{"start":{"line":148,"column":4},"end":{"line":148,"column":40}},"90":{"start":{"line":150,"column":19},"end":{"line":155,"column":5}},"91":{"start":{"line":156,"column":25},"end":{"line":156,"column":27}},"92":{"start":{"line":157,"column":4},"end":{"line":163,"column":5}},"93":{"start":{"line":158,"column":6},"end":{"line":161,"column":8}},"94":{"start":{"line":162,"column":6},"end":{"line":162,"column":97}},"95":{"start":{"line":164,"column":1},"end":{"line":164,"column":77}},"96":{"start":{"line":166,"column":4},"end":{"line":166,"column":16}},"97":{"start":{"line":171,"column":32},"end":{"line":235,"column":3}},"98":{"start":{"line":172,"column":2},"end":{"line":234,"column":3}},"99":{"start":{"line":173,"column":28},"end":{"line":173,"column":39}},"100":{"start":{"line":174,"column":21},"end":{"line":174,"column":32}},"101":{"start":{"line":175,"column":28},"end":{"line":181,"column":5}},"102":{"start":{"line":183,"column":34},"end":{"line":183,"column":67}},"103":{"start":{"line":184,"column":25},"end":{"line":184,"column":43}},"104":{"start":{"line":185,"column":4},"end":{"line":230,"column":5}},"105":{"start":{"line":186,"column":6},"end":{"line":189,"column":7}},"106":{"start":{"line":188,"column":8},"end":{"line":188,"column":56}},"107":{"start":{"line":190,"column":6},"end":{"line":192,"column":7}},"108":{"start":{"line":191,"column":8},"end":{"line":191,"column":122}},"109":{"start":{"line":194,"column":6},"end":{"line":197,"column":7}},"110":{"start":{"line":195,"column":8},"end":{"line":195,"column":93}},"111":{"start":{"line":196,"column":8},"end":{"line":196,"column":44}},"112":{"start":{"line":198,"column":6},"end":{"line":201,"column":7}},"113":{"start":{"line":199,"column":8},"end":{"line":199,"column":64}},"114":{"start":{"line":200,"column":8},"end":{"line":200,"column":39}},"115":{"start":{"line":202,"column":6},"end":{"line":204,"column":7}},"116":{"start":{"line":203,"column":8},"end":{"line":203,"column":60}},"117":{"start":{"line":205,"column":29},"end":{"line":205,"column":35}},"118":{"start":{"line":206,"column":21},"end":{"line":206,"column":45}},"119":{"start":{"line":207,"column":38},"end":{"line":207,"column":40}},"120":{"start":{"line":208,"column":6},"end":{"line":215,"column":9}},"121":{"start":{"line":209,"column":8},"end":{"line":209,"column":44}},"122":{"start":{"line":211,"column":8},"end":{"line":214,"column":10}},"123":{"start":{"line":216,"column":6},"end":{"line":219,"column":8}},"124":{"start":{"line":220,"column":23},"end":{"line":227,"column":7}},"125":{"start":{"line":228,"column":23},"end":{"line":228,"column":67}},"126":{"start":{"line":229,"column":6},"end":{"line":229,"column":73}},"127":{"start":{"line":231,"column":4},"end":{"line":231,"column":26}},"128":{"start":{"line":233,"column":4},"end":{"line":233,"column":16}},"129":{"start":{"line":237,"column":23},"end":{"line":253,"column":1}},"130":{"start":{"line":238,"column":2},"end":{"line":251,"column":3}},"131":{"start":{"line":239,"column":22},"end":{"line":239,"column":60}},"132":{"start":{"line":240,"column":2},"end":{"line":247,"column":3}},"133":{"start":{"line":241,"column":4},"end":{"line":246,"column":5}},"134":{"start":{"line":242,"column":6},"end":{"line":242,"column":49}},"135":{"start":{"line":243,"column":6},"end":{"line":243,"column":35}},"136":{"start":{"line":245,"column":6},"end":{"line":245,"column":53}},"137":{"start":{"line":248,"column":2},"end":{"line":248,"column":19}},"138":{"start":{"line":250,"column":4},"end":{"line":250,"column":15}},"139":{"start":{"line":255,"column":21},"end":{"line":280,"column":1}},"140":{"start":{"line":257,"column":2},"end":{"line":279,"column":1}},"141":{"start":{"line":258,"column":20},"end":{"line":265,"column":6}},"142":{"start":{"line":267,"column":17},"end":{"line":267,"column":58}},"143":{"start":{"line":268,"column":2},"end":{"line":275,"column":3}},"144":{"start":{"line":269,"column":4},"end":{"line":273,"column":5}},"145":{"start":{"line":270,"column":6},"end":{"line":272,"column":7}},"146":{"start":{"line":271,"column":8},"end":{"line":271,"column":145}},"147":{"start":{"line":276,"column":2},"end":{"line":276,"column":18}},"148":{"start":{"line":278,"column":4},"end":{"line":278,"column":16}},"149":{"start":{"line":282,"column":23},"end":{"line":292,"column":1}},"150":{"start":{"line":283,"column":2},"end":{"line":291,"column":3}},"151":{"start":{"line":284,"column":19},"end":{"line":287,"column":6}},"152":{"start":{"line":288,"column":4},"end":{"line":288,"column":20}},"153":{"start":{"line":290,"column":4},"end":{"line":290,"column":16}},"154":{"start":{"line":294,"column":28},"end":{"line":310,"column":1}},"155":{"start":{"line":295,"column":2},"end":{"line":309,"column":3}},"156":{"start":{"line":296,"column":20},"end":{"line":305,"column":5}},"157":{"start":{"line":306,"column":4},"end":{"line":306,"column":77}},"158":{"start":{"line":308,"column":4},"end":{"line":308,"column":16}},"159":{"start":{"line":312,"column":23},"end":{"line":318,"column":1}},"160":{"start":{"line":313,"column":2},"end":{"line":317,"column":3}},"161":{"start":{"line":314,"column":4},"end":{"line":314,"column":61}},"162":{"start":{"line":316,"column":4},"end":{"line":316,"column":14}},"163":{"start":{"line":321,"column":30},"end":{"line":368,"column":1}},"164":{"start":{"line":322,"column":2},"end":{"line":367,"column":32}},"165":{"start":{"line":323,"column":4},"end":{"line":323,"column":85}},"166":{"start":{"line":324,"column":24},"end":{"line":324,"column":56}},"167":{"start":{"line":325,"column":4},"end":{"line":325,"column":83}},"168":{"start":{"line":327,"column":17},"end":{"line":327,"column":37}},"169":{"start":{"line":328,"column":28},"end":{"line":328,"column":36}},"170":{"start":{"line":329,"column":20},"end":{"line":334,"column":5}},"171":{"start":{"line":335,"column":4},"end":{"line":335,"column":93}},"172":{"start":{"line":336,"column":4},"end":{"line":336,"column":60}},"173":{"start":{"line":337,"column":4},"end":{"line":337,"column":97}},"174":{"start":{"line":339,"column":18},"end":{"line":339,"column":20}},"175":{"start":{"line":340,"column":4},"end":{"line":342,"column":7}},"176":{"start":{"line":341,"column":6},"end":{"line":341,"column":22}},"177":{"start":{"line":343,"column":28},"end":{"line":346,"column":5}},"178":{"start":{"line":347,"column":4},"end":{"line":347,"column":112}},"179":{"start":{"line":348,"column":4},"end":{"line":348,"column":56}},"180":{"start":{"line":349,"column":4},"end":{"line":349,"column":116}},"181":{"start":{"line":351,"column":24},"end":{"line":351,"column":32}},"182":{"start":{"line":352,"column":24},"end":{"line":359,"column":5}},"183":{"start":{"line":361,"column":4},"end":{"line":361,"column":116}},"184":{"start":{"line":362,"column":4},"end":{"line":362,"column":52}},"185":{"start":{"line":363,"column":4},"end":{"line":363,"column":120}},"186":{"start":{"line":365,"column":4},"end":{"line":365,"column":53}},"187":{"start":{"line":366,"column":4},"end":{"line":366,"column":11}},"188":{"start":{"line":367,"column":19},"end":{"line":367,"column":31}},"189":{"start":{"line":370,"column":24},"end":{"line":390,"column":1}},"190":{"start":{"line":371,"column":2},"end":{"line":389,"column":3}},"191":{"start":{"line":372,"column":18},"end":{"line":372,"column":56}},"192":{"start":{"line":373,"column":20},"end":{"line":380,"column":6}},"193":{"start":{"line":382,"column":19},"end":{"line":382,"column":60}},"194":{"start":{"line":383,"column":4},"end":{"line":385,"column":5}},"195":{"start":{"line":384,"column":6},"end":{"line":384,"column":45}},"196":{"start":{"line":386,"column":4},"end":{"line":386,"column":19}},"197":{"start":{"line":388,"column":4},"end":{"line":388,"column":14}},"198":{"start":{"line":393,"column":0},"end":{"line":402,"column":2}}},"fnMap":{"0":{"name":"(anonymous_0)","decl":{"start":{"line":7,"column":22},"end":{"line":7,"column":23}},"loc":{"start":{"line":7,"column":40},"end":{"line":22,"column":1}},"line":7},"1":{"name":"(anonymous_1)","decl":{"start":{"line":24,"column":19},"end":{"line":24,"column":20}},"loc":{"start":{"line":24,"column":48},"end":{"line":39,"column":1}},"line":24},"2":{"name":"(anonymous_2)","decl":{"start":{"line":42,"column":33},"end":{"line":42,"column":34}},"loc":{"start":{"line":42,"column":78},"end":{"line":54,"column":1}},"line":42},"3":{"name":"(anonymous_3)","decl":{"start":{"line":56,"column":31},"end":{"line":56,"column":32}},"loc":{"start":{"line":56,"column":60},"end":{"line":66,"column":1}},"line":56},"4":{"name":"(anonymous_4)","decl":{"start":{"line":68,"column":27},"end":{"line":68,"column":28}},"loc":{"start":{"line":68,"column":58},"end":{"line":75,"column":1}},"line":68},"5":{"name":"(anonymous_5)","decl":{"start":{"line":77,"column":26},"end":{"line":77,"column":27}},"loc":{"start":{"line":77,"column":41},"end":{"line":85,"column":1}},"line":77},"6":{"name":"(anonymous_6)","decl":{"start":{"line":88,"column":32},"end":{"line":88,"column":33}},"loc":{"start":{"line":88,"column":85},"end":{"line":115,"column":3}},"line":88},"7":{"name":"(anonymous_7)","decl":{"start":{"line":117,"column":30},"end":{"line":117,"column":31}},"loc":{"start":{"line":117,"column":59},"end":{"line":132,"column":2}},"line":117},"8":{"name":"(anonymous_8)","decl":{"start":{"line":133,"column":36},"end":{"line":133,"column":37}},"loc":{"start":{"line":133,"column":84},"end":{"line":168,"column":1}},"line":133},"9":{"name":"(anonymous_9)","decl":{"start":{"line":171,"column":32},"end":{"line":171,"column":33}},"loc":{"start":{"line":171,"column":86},"end":{"line":235,"column":3}},"line":171},"10":{"name":"(anonymous_10)","decl":{"start":{"line":208,"column":19},"end":{"line":208,"column":20}},"loc":{"start":{"line":208,"column":29},"end":{"line":215,"column":7}},"line":208},"11":{"name":"(anonymous_11)","decl":{"start":{"line":237,"column":23},"end":{"line":237,"column":24}},"loc":{"start":{"line":237,"column":82},"end":{"line":253,"column":1}},"line":237},"12":{"name":"(anonymous_12)","decl":{"start":{"line":255,"column":21},"end":{"line":255,"column":22}},"loc":{"start":{"line":255,"column":64},"end":{"line":280,"column":1}},"line":255},"13":{"name":"(anonymous_13)","decl":{"start":{"line":282,"column":23},"end":{"line":282,"column":24}},"loc":{"start":{"line":282,"column":41},"end":{"line":292,"column":1}},"line":282},"14":{"name":"(anonymous_14)","decl":{"start":{"line":294,"column":28},"end":{"line":294,"column":29}},"loc":{"start":{"line":294,"column":46},"end":{"line":310,"column":1}},"line":294},"15":{"name":"(anonymous_15)","decl":{"start":{"line":312,"column":23},"end":{"line":312,"column":24}},"loc":{"start":{"line":312,"column":41},"end":{"line":318,"column":1}},"line":312},"16":{"name":"(anonymous_16)","decl":{"start":{"line":321,"column":30},"end":{"line":321,"column":31}},"loc":{"start":{"line":321,"column":59},"end":{"line":368,"column":1}},"line":321},"17":{"name":"(anonymous_17)","decl":{"start":{"line":340,"column":30},"end":{"line":340,"column":31}},"loc":{"start":{"line":340,"column":37},"end":{"line":342,"column":5}},"line":340},"18":{"name":"(anonymous_18)","decl":{"start":{"line":370,"column":24},"end":{"line":370,"column":25}},"loc":{"start":{"line":370,"column":41},"end":{"line":390,"column":1}},"line":370}},"branchMap":{"0":{"loc":{"start":{"line":28,"column":2},"end":{"line":34,"column":3}},"type":"if","locations":[{"start":{"line":28,"column":2},"end":{"line":34,"column":3}},{"start":{"line":28,"column":2},"end":{"line":34,"column":3}}],"line":28},"1":{"loc":{"start":{"line":30,"column":4},"end":{"line":32,"column":5}},"type":"if","locations":[{"start":{"line":30,"column":4},"end":{"line":32,"column":5}},{"start":{"line":30,"column":4},"end":{"line":32,"column":5}}],"line":30},"2":{"loc":{"start":{"line":42,"column":58},"end":{"line":42,"column":73}},"type":"default-arg","locations":[{"start":{"line":42,"column":71},"end":{"line":42,"column":73}}],"line":42},"3":{"loc":{"start":{"line":88,"column":46},"end":{"line":88,"column":61}},"type":"default-arg","locations":[{"start":{"line":88,"column":59},"end":{"line":88,"column":61}}],"line":88},"4":{"loc":{"start":{"line":88,"column":62},"end":{"line":88,"column":82}},"type":"default-arg","locations":[{"start":{"line":88,"column":73},"end":{"line":88,"column":82}}],"line":88},"5":{"loc":{"start":{"line":90,"column":28},"end":{"line":90,"column":60}},"type":"cond-expr","locations":[{"start":{"line":90,"column":41},"end":{"line":90,"column":51}},{"start":{"line":90,"column":52},"end":{"line":90,"column":60}}],"line":90},"6":{"loc":{"start":{"line":103,"column":6},"end":{"line":110,"column":7}},"type":"if","locations":[{"start":{"line":103,"column":6},"end":{"line":110,"column":7}},{"start":{"line":103,"column":6},"end":{"line":110,"column":7}}],"line":103},"7":{"loc":{"start":{"line":104,"column":8},"end":{"line":107,"column":9}},"type":"if","locations":[{"start":{"line":104,"column":8},"end":{"line":107,"column":9}},{"start":{"line":104,"column":8},"end":{"line":107,"column":9}}],"line":104},"8":{"loc":{"start":{"line":104,"column":12},"end":{"line":104,"column":58}},"type":"binary-expr","locations":[{"start":{"line":104,"column":12},"end":{"line":104,"column":30}},{"start":{"line":104,"column":34},"end":{"line":104,"column":58}}],"line":104},"9":{"loc":{"start":{"line":122,"column":2},"end":{"line":125,"column":3}},"type":"if","locations":[{"start":{"line":122,"column":2},"end":{"line":125,"column":3}},{"start":{"line":122,"column":2},"end":{"line":125,"column":3}}],"line":122},"10":{"loc":{"start":{"line":133,"column":58},"end":{"line":133,"column":79}},"type":"default-arg","locations":[{"start":{"line":133,"column":74},"end":{"line":133,"column":79}}],"line":133},"11":{"loc":{"start":{"line":139,"column":18},"end":{"line":139,"column":66}},"type":"cond-expr","locations":[{"start":{"line":139,"column":39},"end":{"line":139,"column":57}},{"start":{"line":139,"column":58},"end":{"line":139,"column":66}}],"line":139},"12":{"loc":{"start":{"line":145,"column":2},"end":{"line":149,"column":3}},"type":"if","locations":[{"start":{"line":145,"column":2},"end":{"line":149,"column":3}},{"start":{"line":145,"column":2},"end":{"line":149,"column":3}}],"line":145},"13":{"loc":{"start":{"line":157,"column":4},"end":{"line":163,"column":5}},"type":"if","locations":[{"start":{"line":157,"column":4},"end":{"line":163,"column":5}},{"start":{"line":157,"column":4},"end":{"line":163,"column":5}}],"line":157},"14":{"loc":{"start":{"line":171,"column":46},"end":{"line":171,"column":61}},"type":"default-arg","locations":[{"start":{"line":171,"column":59},"end":{"line":171,"column":61}}],"line":171},"15":{"loc":{"start":{"line":171,"column":62},"end":{"line":171,"column":83}},"type":"default-arg","locations":[{"start":{"line":171,"column":78},"end":{"line":171,"column":83}}],"line":171},"16":{"loc":{"start":{"line":185,"column":4},"end":{"line":230,"column":5}},"type":"if","locations":[{"start":{"line":185,"column":4},"end":{"line":230,"column":5}},{"start":{"line":185,"column":4},"end":{"line":230,"column":5}}],"line":185},"17":{"loc":{"start":{"line":186,"column":6},"end":{"line":189,"column":7}},"type":"if","locations":[{"start":{"line":186,"column":6},"end":{"line":189,"column":7}},{"start":{"line":186,"column":6},"end":{"line":189,"column":7}}],"line":186},"18":{"loc":{"start":{"line":186,"column":10},"end":{"line":186,"column":56}},"type":"binary-expr","locations":[{"start":{"line":186,"column":10},"end":{"line":186,"column":28}},{"start":{"line":186,"column":32},"end":{"line":186,"column":56}}],"line":186},"19":{"loc":{"start":{"line":190,"column":6},"end":{"line":192,"column":7}},"type":"if","locations":[{"start":{"line":190,"column":6},"end":{"line":192,"column":7}},{"start":{"line":190,"column":6},"end":{"line":192,"column":7}}],"line":190},"20":{"loc":{"start":{"line":194,"column":6},"end":{"line":197,"column":7}},"type":"if","locations":[{"start":{"line":194,"column":6},"end":{"line":197,"column":7}},{"start":{"line":194,"column":6},"end":{"line":197,"column":7}}],"line":194},"21":{"loc":{"start":{"line":198,"column":6},"end":{"line":201,"column":7}},"type":"if","locations":[{"start":{"line":198,"column":6},"end":{"line":201,"column":7}},{"start":{"line":198,"column":6},"end":{"line":201,"column":7}}],"line":198},"22":{"loc":{"start":{"line":202,"column":6},"end":{"line":204,"column":7}},"type":"if","locations":[{"start":{"line":202,"column":6},"end":{"line":204,"column":7}},{"start":{"line":202,"column":6},"end":{"line":204,"column":7}}],"line":202},"23":{"loc":{"start":{"line":237,"column":58},"end":{"line":237,"column":79}},"type":"default-arg","locations":[{"start":{"line":237,"column":74},"end":{"line":237,"column":79}}],"line":237},"24":{"loc":{"start":{"line":240,"column":2},"end":{"line":247,"column":3}},"type":"if","locations":[{"start":{"line":240,"column":2},"end":{"line":247,"column":3}},{"start":{"line":240,"column":2},"end":{"line":247,"column":3}}],"line":240},"25":{"loc":{"start":{"line":241,"column":4},"end":{"line":246,"column":5}},"type":"if","locations":[{"start":{"line":241,"column":4},"end":{"line":246,"column":5}},{"start":{"line":241,"column":4},"end":{"line":246,"column":5}}],"line":241},"26":{"loc":{"start":{"line":255,"column":46},"end":{"line":255,"column":61}},"type":"default-arg","locations":[{"start":{"line":255,"column":52},"end":{"line":255,"column":61}}],"line":255},"27":{"loc":{"start":{"line":268,"column":2},"end":{"line":275,"column":3}},"type":"if","locations":[{"start":{"line":268,"column":2},"end":{"line":275,"column":3}},{"start":{"line":268,"column":2},"end":{"line":275,"column":3}}],"line":268},"28":{"loc":{"start":{"line":268,"column":5},"end":{"line":268,"column":28}},"type":"binary-expr","locations":[{"start":{"line":268,"column":5},"end":{"line":268,"column":19}},{"start":{"line":268,"column":23},"end":{"line":268,"column":28}}],"line":268},"29":{"loc":{"start":{"line":270,"column":6},"end":{"line":272,"column":7}},"type":"if","locations":[{"start":{"line":270,"column":6},"end":{"line":272,"column":7}},{"start":{"line":270,"column":6},"end":{"line":272,"column":7}}],"line":270},"30":{"loc":{"start":{"line":383,"column":4},"end":{"line":385,"column":5}},"type":"if","locations":[{"start":{"line":383,"column":4},"end":{"line":385,"column":5}},{"start":{"line":383,"column":4},"end":{"line":385,"column":5}}],"line":383}},"s":{"0":1,"1":1,"2":1,"3":1,"4":1,"5":0,"6":0,"7":0,"8":0,"9":0,"10":0,"11":0,"12":0,"13":1,"14":0,"15":0,"16":0,"17":0,"18":0,"19":0,"20":0,"21":0,"22":0,"23":1,"24":0,"25":0,"26":0,"27":0,"28":0,"29":0,"30":0,"31":0,"32":0,"33":1,"34":0,"35":0,"36":0,"37":0,"38":0,"39":0,"40":0,"41":1,"42":0,"43":0,"44":0,"45":0,"46":1,"47":0,"48":0,"49":0,"50":0,"51":0,"52":1,"53":0,"54":0,"55":0,"56":0,"57":0,"58":0,"59":0,"60":0,"61":0,"62":0,"63":0,"64":0,"65":0,"66":1,"67":0,"68":0,"69":0,"70":0,"71":0,"72":0,"73":0,"74":0,"75":1,"76":0,"77":0,"78":0,"79":0,"80":0,"81":0,"82":0,"83":0,"84":0,"85":0,"86":0,"87":0,"88":0,"89":0,"90":0,"91":0,"92":0,"93":0,"94":0,"95":0,"96":0,"97":1,"98":0,"99":0,"100":0,"101":0,"102":0,"103":0,"104":0,"105":0,"106":0,"107":0,"108":0,"109":0,"110":0,"111":0,"112":0,"113":0,"114":0,"115":0,"116":0,"117":0,"118":0,"119":0,"120":0,"121":0,"122":0,"123":0,"124":0,"125":0,"126":0,"127":0,"128":0,"129":1,"130":0,"131":0,"132":0,"133":0,"134":0,"135":0,"136":0,"137":0,"138":0,"139":1,"140":0,"141":0,"142":0,"143":0,"144":0,"145":0,"146":0,"147":0,"148":0,"149":1,"150":0,"151":0,"152":0,"153":0,"154":1,"155":0,"156":0,"157":0,"158":0,"159":1,"160":0,"161":0,"162":0,"163":1,"164":0,"165":0,"166":0,"167":0,"168":0,"169":0,"170":0,"171":0,"172":0,"173":0,"174":0,"175":0,"176":0,"177":0,"178":0,"179":0,"180":0,"181":0,"182":0,"183":0,"184":0,"185":0,"186":0,"187":0,"188":0,"189":1,"190":0,"191":0,"192":0,"193":0,"194":0,"195":0,"196":0,"197":0,"198":1},"f":{"0":0,"1":0,"2":0,"3":0,"4":0,"5":0,"6":0,"7":0,"8":0,"9":0,"10":0,"11":0,"12":0,"13":0,"14":0,"15":0,"16":0,"17":0,"18":0},"b":{"0":[0,0],"1":[0,0],"2":[0],"3":[0],"4":[0],"5":[0,0],"6":[0,0],"7":[0,0],"8":[0,0],"9":[0,0],"10":[0],"11":[0,0],"12":[0,0],"13":[0,0],"14":[0],"15":[0],"16":[0,0],"17":[0,0],"18":[0,0],"19":[0,0],"20":[0,0],"21":[0,0],"22":[0,0],"23":[0],"24":[0,0],"25":[0,0],"26":[0],"27":[0,0],"28":[0,0],"29":[0,0],"30":[0,0]},"_coverageSchema":"1a1c01bbd47fc00a2c39e90264f33305004495a9","hash":"c9b65cc4b0d8761fb9ee69b3cd2434ec3e62c426"}
,"/Users/shoryasaxena/Desktop/code/node/nodeDynamoCaliper/src/services/user/providers/userProvider.js": {"path":"/Users/shoryasaxena/Desktop/code/node/nodeDynamoCaliper/src/services/user/providers/userProvider.js","statementMap":{"0":{"start":{"line":1,"column":11},"end":{"line":1,"column":24}},"1":{"start":{"line":2,"column":16},"end":{"line":2,"column":34}},"2":{"start":{"line":4,"column":12},"end":{"line":4,"column":30}},"3":{"start":{"line":5,"column":0},"end":{"line":7,"column":3}},"4":{"start":{"line":9,"column":23},"end":{"line":9,"column":56}},"5":{"start":{"line":11,"column":17},"end":{"line":11,"column":35}},"6":{"start":{"line":13,"column":11},"end":{"line":13,"column":23}},"7":{"start":{"line":15,"column":25},"end":{"line":30,"column":1}},"8":{"start":{"line":16,"column":2},"end":{"line":29,"column":3}},"9":{"start":{"line":17,"column":17},"end":{"line":25,"column":5}},"10":{"start":{"line":26,"column":4},"end":{"line":26,"column":39}},"11":{"start":{"line":28,"column":4},"end":{"line":28,"column":16}},"12":{"start":{"line":32,"column":34},"end":{"line":54,"column":1}},"13":{"start":{"line":33,"column":2},"end":{"line":53,"column":3}},"14":{"start":{"line":34,"column":17},"end":{"line":48,"column":5}},"15":{"start":{"line":50,"column":4},"end":{"line":50,"column":41}},"16":{"start":{"line":52,"column":4},"end":{"line":52,"column":16}},"17":{"start":{"line":56,"column":24},"end":{"line":79,"column":1}},"18":{"start":{"line":57,"column":2},"end":{"line":78,"column":3}},"19":{"start":{"line":58,"column":17},"end":{"line":66,"column":5}},"20":{"start":{"line":67,"column":4},"end":{"line":67,"column":61}},"21":{"start":{"line":68,"column":4},"end":{"line":68,"column":40}},"22":{"start":{"line":69,"column":4},"end":{"line":69,"column":49}},"23":{"start":{"line":70,"column":4},"end":{"line":70,"column":44}},"24":{"start":{"line":72,"column":19},"end":{"line":72,"column":61}},"25":{"start":{"line":73,"column":4},"end":{"line":73,"column":43}},"26":{"start":{"line":75,"column":4},"end":{"line":75,"column":20}},"27":{"start":{"line":77,"column":4},"end":{"line":77,"column":16}},"28":{"start":{"line":80,"column":34},"end":{"line":90,"column":1}},"29":{"start":{"line":81,"column":2},"end":{"line":89,"column":3}},"30":{"start":{"line":82,"column":17},"end":{"line":84,"column":5}},"31":{"start":{"line":86,"column":4},"end":{"line":86,"column":41}},"32":{"start":{"line":88,"column":4},"end":{"line":88,"column":16}},"33":{"start":{"line":92,"column":24},"end":{"line":106,"column":1}},"34":{"start":{"line":93,"column":2},"end":{"line":105,"column":3}},"35":{"start":{"line":94,"column":4},"end":{"line":94,"column":43}},"36":{"start":{"line":96,"column":4},"end":{"line":98,"column":6}},"37":{"start":{"line":99,"column":4},"end":{"line":99,"column":53}},"38":{"start":{"line":100,"column":4},"end":{"line":100,"column":75}},"39":{"start":{"line":102,"column":4},"end":{"line":102,"column":57}},"40":{"start":{"line":104,"column":4},"end":{"line":104,"column":16}},"41":{"start":{"line":108,"column":33},"end":{"line":132,"column":1}},"42":{"start":{"line":109,"column":2},"end":{"line":131,"column":5}},"43":{"start":{"line":110,"column":4},"end":{"line":112,"column":6}},"44":{"start":{"line":114,"column":21},"end":{"line":130,"column":12}},"45":{"start":{"line":115,"column":6},"end":{"line":115,"column":60}},"46":{"start":{"line":117,"column":24},"end":{"line":117,"column":68}},"47":{"start":{"line":118,"column":6},"end":{"line":120,"column":8}},"48":{"start":{"line":122,"column":6},"end":{"line":129,"column":7}},"49":{"start":{"line":123,"column":8},"end":{"line":123,"column":34}},"50":{"start":{"line":124,"column":8},"end":{"line":126,"column":10}},"51":{"start":{"line":127,"column":8},"end":{"line":127,"column":22}},"52":{"start":{"line":128,"column":8},"end":{"line":128,"column":15}},"53":{"start":{"line":133,"column":25},"end":{"line":144,"column":1}},"54":{"start":{"line":134,"column":2},"end":{"line":143,"column":3}},"55":{"start":{"line":135,"column":17},"end":{"line":137,"column":5}},"56":{"start":{"line":138,"column":22},"end":{"line":138,"column":68}},"57":{"start":{"line":139,"column":4},"end":{"line":139,"column":78}},"58":{"start":{"line":140,"column":4},"end":{"line":140,"column":68}},"59":{"start":{"line":142,"column":4},"end":{"line":142,"column":16}},"60":{"start":{"line":145,"column":18},"end":{"line":152,"column":1}},"61":{"start":{"line":146,"column":2},"end":{"line":151,"column":3}},"62":{"start":{"line":147,"column":14},"end":{"line":147,"column":75}},"63":{"start":{"line":148,"column":4},"end":{"line":148,"column":16}},"64":{"start":{"line":150,"column":4},"end":{"line":150,"column":16}},"65":{"start":{"line":154,"column":20},"end":{"line":161,"column":1}},"66":{"start":{"line":155,"column":2},"end":{"line":160,"column":3}},"67":{"start":{"line":156,"column":14},"end":{"line":156,"column":71}},"68":{"start":{"line":157,"column":4},"end":{"line":157,"column":51}},"69":{"start":{"line":159,"column":4},"end":{"line":159,"column":16}},"70":{"start":{"line":163,"column":22},"end":{"line":174,"column":1}},"71":{"start":{"line":164,"column":2},"end":{"line":173,"column":3}},"72":{"start":{"line":165,"column":17},"end":{"line":169,"column":5}},"73":{"start":{"line":170,"column":4},"end":{"line":170,"column":54}},"74":{"start":{"line":172,"column":4},"end":{"line":172,"column":16}},"75":{"start":{"line":176,"column":22},"end":{"line":194,"column":1}},"76":{"start":{"line":182,"column":2},"end":{"line":193,"column":3}},"77":{"start":{"line":183,"column":17},"end":{"line":189,"column":5}},"78":{"start":{"line":190,"column":4},"end":{"line":190,"column":65}},"79":{"start":{"line":192,"column":4},"end":{"line":192,"column":16}},"80":{"start":{"line":196,"column":22},"end":{"line":206,"column":1}},"81":{"start":{"line":197,"column":2},"end":{"line":205,"column":3}},"82":{"start":{"line":198,"column":17},"end":{"line":201,"column":5}},"83":{"start":{"line":202,"column":4},"end":{"line":202,"column":65}},"84":{"start":{"line":204,"column":4},"end":{"line":204,"column":16}},"85":{"start":{"line":208,"column":28},"end":{"line":215,"column":1}},"86":{"start":{"line":210,"column":2},"end":{"line":214,"column":3}},"87":{"start":{"line":211,"column":4},"end":{"line":211,"column":67}},"88":{"start":{"line":213,"column":4},"end":{"line":213,"column":16}},"89":{"start":{"line":217,"column":23},"end":{"line":270,"column":1}},"90":{"start":{"line":218,"column":2},"end":{"line":269,"column":3}},"91":{"start":{"line":219,"column":34},"end":{"line":219,"column":36}},"92":{"start":{"line":219,"column":50},"end":{"line":219,"column":52}},"93":{"start":{"line":219,"column":69},"end":{"line":219,"column":77}},"94":{"start":{"line":220,"column":20},"end":{"line":220,"column":22}},"95":{"start":{"line":222,"column":4},"end":{"line":232,"column":5}},"96":{"start":{"line":225,"column":4},"end":{"line":225,"column":35}},"97":{"start":{"line":226,"column":4},"end":{"line":226,"column":57}},"98":{"start":{"line":227,"column":4},"end":{"line":227,"column":53}},"99":{"start":{"line":228,"column":4},"end":{"line":228,"column":58}},"100":{"start":{"line":230,"column":4},"end":{"line":230,"column":48}},"101":{"start":{"line":231,"column":4},"end":{"line":231,"column":56}},"102":{"start":{"line":234,"column":4},"end":{"line":237,"column":5}},"103":{"start":{"line":235,"column":6},"end":{"line":235,"column":55}},"104":{"start":{"line":236,"column":6},"end":{"line":236,"column":65}},"105":{"start":{"line":239,"column":4},"end":{"line":239,"column":80}},"106":{"start":{"line":241,"column":4},"end":{"line":241,"column":65}},"107":{"start":{"line":242,"column":4},"end":{"line":242,"column":52}},"108":{"start":{"line":243,"column":4},"end":{"line":243,"column":60}},"109":{"start":{"line":247,"column":23},"end":{"line":252,"column":5}},"110":{"start":{"line":254,"column":4},"end":{"line":254,"column":43}},"111":{"start":{"line":255,"column":19},"end":{"line":262,"column":6}},"112":{"start":{"line":256,"column":6},"end":{"line":261,"column":8}},"113":{"start":{"line":260,"column":24},"end":{"line":260,"column":65}},"114":{"start":{"line":264,"column":4},"end":{"line":264,"column":45}},"115":{"start":{"line":266,"column":4},"end":{"line":266,"column":26}},"116":{"start":{"line":268,"column":4},"end":{"line":268,"column":16}},"117":{"start":{"line":272,"column":29},"end":{"line":282,"column":1}},"118":{"start":{"line":273,"column":2},"end":{"line":281,"column":3}},"119":{"start":{"line":274,"column":4},"end":{"line":278,"column":7}},"120":{"start":{"line":275,"column":6},"end":{"line":277,"column":9}},"121":{"start":{"line":276,"column":8},"end":{"line":276,"column":22}},"122":{"start":{"line":280,"column":4},"end":{"line":280,"column":18}},"123":{"start":{"line":284,"column":19},"end":{"line":293,"column":1}},"124":{"start":{"line":285,"column":2},"end":{"line":292,"column":5}},"125":{"start":{"line":286,"column":28},"end":{"line":286,"column":62}},"126":{"start":{"line":287,"column":26},"end":{"line":287,"column":75}},"127":{"start":{"line":288,"column":4},"end":{"line":291,"column":7}},"128":{"start":{"line":289,"column":6},"end":{"line":289,"column":55}},"129":{"start":{"line":290,"column":6},"end":{"line":290,"column":20}},"130":{"start":{"line":295,"column":23},"end":{"line":314,"column":1}},"131":{"start":{"line":296,"column":2},"end":{"line":313,"column":5}},"132":{"start":{"line":297,"column":21},"end":{"line":297,"column":50}},"133":{"start":{"line":298,"column":17},"end":{"line":298,"column":19}},"134":{"start":{"line":299,"column":4},"end":{"line":301,"column":7}},"135":{"start":{"line":300,"column":6},"end":{"line":300,"column":25}},"136":{"start":{"line":304,"column":4},"end":{"line":307,"column":7}},"137":{"start":{"line":306,"column":6},"end":{"line":306,"column":37}},"138":{"start":{"line":310,"column":4},"end":{"line":312,"column":7}},"139":{"start":{"line":311,"column":6},"end":{"line":311,"column":19}},"140":{"start":{"line":316,"column":33},"end":{"line":349,"column":1}},"141":{"start":{"line":317,"column":2},"end":{"line":348,"column":3}},"142":{"start":{"line":319,"column":4},"end":{"line":319,"column":51}},"143":{"start":{"line":323,"column":4},"end":{"line":323,"column":65}},"144":{"start":{"line":324,"column":21},"end":{"line":324,"column":56}},"145":{"start":{"line":325,"column":4},"end":{"line":325,"column":60}},"146":{"start":{"line":328,"column":23},"end":{"line":333,"column":5}},"147":{"start":{"line":335,"column":4},"end":{"line":335,"column":43}},"148":{"start":{"line":336,"column":19},"end":{"line":343,"column":6}},"149":{"start":{"line":337,"column":6},"end":{"line":342,"column":8}},"150":{"start":{"line":341,"column":24},"end":{"line":341,"column":65}},"151":{"start":{"line":344,"column":4},"end":{"line":344,"column":45}},"152":{"start":{"line":345,"column":4},"end":{"line":345,"column":27}},"153":{"start":{"line":347,"column":4},"end":{"line":347,"column":16}},"154":{"start":{"line":351,"column":0},"end":{"line":363,"column":2}}},"fnMap":{"0":{"name":"(anonymous_0)","decl":{"start":{"line":15,"column":25},"end":{"line":15,"column":26}},"loc":{"start":{"line":15,"column":47},"end":{"line":30,"column":1}},"line":15},"1":{"name":"(anonymous_1)","decl":{"start":{"line":32,"column":34},"end":{"line":32,"column":35}},"loc":{"start":{"line":32,"column":56},"end":{"line":54,"column":1}},"line":32},"2":{"name":"(anonymous_2)","decl":{"start":{"line":56,"column":24},"end":{"line":56,"column":25}},"loc":{"start":{"line":56,"column":46},"end":{"line":79,"column":1}},"line":56},"3":{"name":"(anonymous_3)","decl":{"start":{"line":80,"column":34},"end":{"line":80,"column":35}},"loc":{"start":{"line":80,"column":56},"end":{"line":90,"column":1}},"line":80},"4":{"name":"(anonymous_4)","decl":{"start":{"line":92,"column":24},"end":{"line":92,"column":25}},"loc":{"start":{"line":92,"column":46},"end":{"line":106,"column":1}},"line":92},"5":{"name":"(anonymous_5)","decl":{"start":{"line":108,"column":33},"end":{"line":108,"column":34}},"loc":{"start":{"line":108,"column":49},"end":{"line":132,"column":1}},"line":108},"6":{"name":"(anonymous_6)","decl":{"start":{"line":109,"column":21},"end":{"line":109,"column":22}},"loc":{"start":{"line":109,"column":34},"end":{"line":131,"column":3}},"line":109},"7":{"name":"(anonymous_7)","decl":{"start":{"line":114,"column":33},"end":{"line":114,"column":34}},"loc":{"start":{"line":114,"column":45},"end":{"line":130,"column":5}},"line":114},"8":{"name":"(anonymous_8)","decl":{"start":{"line":133,"column":25},"end":{"line":133,"column":26}},"loc":{"start":{"line":133,"column":46},"end":{"line":144,"column":1}},"line":133},"9":{"name":"(anonymous_9)","decl":{"start":{"line":145,"column":18},"end":{"line":145,"column":19}},"loc":{"start":{"line":145,"column":40},"end":{"line":152,"column":1}},"line":145},"10":{"name":"(anonymous_10)","decl":{"start":{"line":154,"column":20},"end":{"line":154,"column":21}},"loc":{"start":{"line":154,"column":42},"end":{"line":161,"column":1}},"line":154},"11":{"name":"(anonymous_11)","decl":{"start":{"line":163,"column":22},"end":{"line":163,"column":23}},"loc":{"start":{"line":163,"column":44},"end":{"line":174,"column":1}},"line":163},"12":{"name":"(anonymous_12)","decl":{"start":{"line":176,"column":22},"end":{"line":176,"column":23}},"loc":{"start":{"line":181,"column":6},"end":{"line":194,"column":1}},"line":181},"13":{"name":"(anonymous_13)","decl":{"start":{"line":196,"column":22},"end":{"line":196,"column":23}},"loc":{"start":{"line":196,"column":52},"end":{"line":206,"column":1}},"line":196},"14":{"name":"(anonymous_14)","decl":{"start":{"line":208,"column":28},"end":{"line":208,"column":29}},"loc":{"start":{"line":208,"column":50},"end":{"line":215,"column":1}},"line":208},"15":{"name":"(anonymous_15)","decl":{"start":{"line":217,"column":23},"end":{"line":217,"column":24}},"loc":{"start":{"line":217,"column":56},"end":{"line":270,"column":1}},"line":217},"16":{"name":"(anonymous_16)","decl":{"start":{"line":255,"column":37},"end":{"line":255,"column":38}},"loc":{"start":{"line":255,"column":58},"end":{"line":262,"column":5}},"line":255},"17":{"name":"(anonymous_17)","decl":{"start":{"line":260,"column":8},"end":{"line":260,"column":9}},"loc":{"start":{"line":260,"column":24},"end":{"line":260,"column":65}},"line":260},"18":{"name":"(anonymous_18)","decl":{"start":{"line":272,"column":29},"end":{"line":272,"column":30}},"loc":{"start":{"line":272,"column":61},"end":{"line":282,"column":1}},"line":272},"19":{"name":"(anonymous_19)","decl":{"start":{"line":274,"column":23},"end":{"line":274,"column":24}},"loc":{"start":{"line":274,"column":46},"end":{"line":278,"column":5}},"line":274},"20":{"name":"(anonymous_20)","decl":{"start":{"line":275,"column":44},"end":{"line":275,"column":45}},"loc":{"start":{"line":275,"column":54},"end":{"line":277,"column":7}},"line":275},"21":{"name":"(anonymous_21)","decl":{"start":{"line":284,"column":19},"end":{"line":284,"column":20}},"loc":{"start":{"line":284,"column":45},"end":{"line":293,"column":1}},"line":284},"22":{"name":"(anonymous_22)","decl":{"start":{"line":285,"column":21},"end":{"line":285,"column":22}},"loc":{"start":{"line":285,"column":43},"end":{"line":292,"column":3}},"line":285},"23":{"name":"(anonymous_23)","decl":{"start":{"line":288,"column":32},"end":{"line":288,"column":33}},"loc":{"start":{"line":288,"column":42},"end":{"line":291,"column":5}},"line":288},"24":{"name":"(anonymous_24)","decl":{"start":{"line":295,"column":23},"end":{"line":295,"column":24}},"loc":{"start":{"line":295,"column":37},"end":{"line":314,"column":1}},"line":295},"25":{"name":"(anonymous_25)","decl":{"start":{"line":296,"column":21},"end":{"line":296,"column":22}},"loc":{"start":{"line":296,"column":43},"end":{"line":313,"column":3}},"line":296},"26":{"name":"(anonymous_26)","decl":{"start":{"line":299,"column":26},"end":{"line":299,"column":27}},"loc":{"start":{"line":299,"column":43},"end":{"line":301,"column":5}},"line":299},"27":{"name":"(anonymous_27)","decl":{"start":{"line":304,"column":25},"end":{"line":304,"column":26}},"loc":{"start":{"line":304,"column":31},"end":{"line":307,"column":5}},"line":304},"28":{"name":"(anonymous_28)","decl":{"start":{"line":310,"column":27},"end":{"line":310,"column":28}},"loc":{"start":{"line":310,"column":42},"end":{"line":312,"column":5}},"line":310},"29":{"name":"(anonymous_29)","decl":{"start":{"line":316,"column":33},"end":{"line":316,"column":34}},"loc":{"start":{"line":316,"column":48},"end":{"line":349,"column":1}},"line":316},"30":{"name":"(anonymous_30)","decl":{"start":{"line":336,"column":37},"end":{"line":336,"column":38}},"loc":{"start":{"line":336,"column":58},"end":{"line":343,"column":5}},"line":336},"31":{"name":"(anonymous_31)","decl":{"start":{"line":341,"column":8},"end":{"line":341,"column":9}},"loc":{"start":{"line":341,"column":24},"end":{"line":341,"column":65}},"line":341}},"branchMap":{"0":{"loc":{"start":{"line":122,"column":6},"end":{"line":129,"column":7}},"type":"if","locations":[{"start":{"line":122,"column":6},"end":{"line":129,"column":7}},{"start":{"line":122,"column":6},"end":{"line":129,"column":7}}],"line":122},"1":{"loc":{"start":{"line":140,"column":11},"end":{"line":140,"column":67}},"type":"cond-expr","locations":[{"start":{"line":140,"column":55},"end":{"line":140,"column":59}},{"start":{"line":140,"column":62},"end":{"line":140,"column":67}}],"line":140},"2":{"loc":{"start":{"line":147,"column":14},"end":{"line":147,"column":75}},"type":"binary-expr","locations":[{"start":{"line":147,"column":14},"end":{"line":147,"column":69}},{"start":{"line":147,"column":73},"end":{"line":147,"column":75}}],"line":147},"3":{"loc":{"start":{"line":156,"column":14},"end":{"line":156,"column":71}},"type":"binary-expr","locations":[{"start":{"line":156,"column":14},"end":{"line":156,"column":65}},{"start":{"line":156,"column":69},"end":{"line":156,"column":71}}],"line":156},"4":{"loc":{"start":{"line":190,"column":11},"end":{"line":190,"column":64}},"type":"binary-expr","locations":[{"start":{"line":190,"column":12},"end":{"line":190,"column":57}},{"start":{"line":190,"column":62},"end":{"line":190,"column":64}}],"line":190},"5":{"loc":{"start":{"line":202,"column":11},"end":{"line":202,"column":64}},"type":"binary-expr","locations":[{"start":{"line":202,"column":12},"end":{"line":202,"column":57}},{"start":{"line":202,"column":62},"end":{"line":202,"column":64}}],"line":202},"6":{"loc":{"start":{"line":222,"column":4},"end":{"line":232,"column":5}},"type":"if","locations":[{"start":{"line":222,"column":4},"end":{"line":232,"column":5}},{"start":{"line":222,"column":4},"end":{"line":232,"column":5}}],"line":222},"7":{"loc":{"start":{"line":234,"column":4},"end":{"line":237,"column":5}},"type":"if","locations":[{"start":{"line":234,"column":4},"end":{"line":237,"column":5}},{"start":{"line":234,"column":4},"end":{"line":237,"column":5}}],"line":234},"8":{"loc":{"start":{"line":260,"column":24},"end":{"line":260,"column":65}},"type":"cond-expr","locations":[{"start":{"line":260,"column":38},"end":{"line":260,"column":51}},{"start":{"line":260,"column":54},"end":{"line":260,"column":65}}],"line":260},"9":{"loc":{"start":{"line":266,"column":11},"end":{"line":266,"column":25}},"type":"binary-expr","locations":[{"start":{"line":266,"column":11},"end":{"line":266,"column":19}},{"start":{"line":266,"column":23},"end":{"line":266,"column":25}}],"line":266},"10":{"loc":{"start":{"line":341,"column":24},"end":{"line":341,"column":65}},"type":"cond-expr","locations":[{"start":{"line":341,"column":38},"end":{"line":341,"column":51}},{"start":{"line":341,"column":54},"end":{"line":341,"column":65}}],"line":341},"11":{"loc":{"start":{"line":345,"column":12},"end":{"line":345,"column":26}},"type":"binary-expr","locations":[{"start":{"line":345,"column":12},"end":{"line":345,"column":20}},{"start":{"line":345,"column":24},"end":{"line":345,"column":26}}],"line":345}},"s":{"0":1,"1":1,"2":1,"3":1,"4":1,"5":1,"6":1,"7":1,"8":0,"9":0,"10":0,"11":0,"12":1,"13":0,"14":0,"15":0,"16":0,"17":1,"18":0,"19":0,"20":0,"21":0,"22":0,"23":0,"24":0,"25":0,"26":0,"27":0,"28":1,"29":0,"30":0,"31":0,"32":0,"33":1,"34":0,"35":0,"36":0,"37":0,"38":0,"39":0,"40":0,"41":1,"42":0,"43":0,"44":0,"45":0,"46":0,"47":0,"48":0,"49":0,"50":0,"51":0,"52":0,"53":1,"54":0,"55":0,"56":0,"57":0,"58":0,"59":0,"60":1,"61":0,"62":0,"63":0,"64":0,"65":1,"66":0,"67":0,"68":0,"69":0,"70":1,"71":0,"72":0,"73":0,"74":0,"75":1,"76":0,"77":0,"78":0,"79":0,"80":1,"81":0,"82":0,"83":0,"84":0,"85":1,"86":0,"87":0,"88":0,"89":1,"90":0,"91":0,"92":0,"93":0,"94":0,"95":0,"96":0,"97":0,"98":0,"99":0,"100":0,"101":0,"102":0,"103":0,"104":0,"105":0,"106":0,"107":0,"108":0,"109":0,"110":0,"111":0,"112":0,"113":0,"114":0,"115":0,"116":0,"117":1,"118":0,"119":0,"120":0,"121":0,"122":0,"123":1,"124":0,"125":0,"126":0,"127":0,"128":0,"129":0,"130":1,"131":0,"132":0,"133":0,"134":0,"135":0,"136":0,"137":0,"138":0,"139":0,"140":1,"141":0,"142":0,"143":0,"144":0,"145":0,"146":0,"147":0,"148":0,"149":0,"150":0,"151":0,"152":0,"153":0,"154":1},"f":{"0":0,"1":0,"2":0,"3":0,"4":0,"5":0,"6":0,"7":0,"8":0,"9":0,"10":0,"11":0,"12":0,"13":0,"14":0,"15":0,"16":0,"17":0,"18":0,"19":0,"20":0,"21":0,"22":0,"23":0,"24":0,"25":0,"26":0,"27":0,"28":0,"29":0,"30":0,"31":0},"b":{"0":[0,0],"1":[0,0],"2":[0,0],"3":[0,0],"4":[0,0],"5":[0,0],"6":[0,0],"7":[0,0],"8":[0,0],"9":[0,0],"10":[0,0],"11":[0,0]},"_coverageSchema":"1a1c01bbd47fc00a2c39e90264f33305004495a9","hash":"823ed49dff1ae3ad718eac37d1f2616d26d08899"}
}
