TN:
SF:index.js
FN:8,(anonymous_0)
FNF:1
FNH:0
FNDA:0,(anonymous_0)
DA:3,1
DA:4,1
DA:6,1
DA:8,1
DA:9,0
LF:5
LH:4
BRF:0
BRH:0
end_of_record
TN:
SF:src/index.js
FN:28,(anonymous_0)
FNF:1
FNH:1
FNDA:1,(anonymous_0)
DA:1,1
DA:2,1
DA:3,1
DA:4,1
DA:5,1
DA:6,1
DA:8,1
DA:11,1
DA:12,1
DA:17,1
DA:20,1
DA:24,1
DA:28,1
DA:29,1
DA:33,1
LF:15
LH:15
BRF:0
BRH:0
end_of_record
TN:
SF:src/_helpers/error-handler.js
FN:3,errorHandler
FNF:1
FNH:0
FNDA:0,errorHandler
DA:1,1
DA:4,0
DA:6,0
DA:9,0
DA:11,0
DA:15,0
LF:6
LH:1
BRDA:4,0,0,0
BRDA:4,0,1,0
BRDA:9,1,0,0
BRDA:9,1,1,0
BRF:4
BRH:0
end_of_record
TN:
SF:src/_helpers/jwt.js
FN:15,jwt
FNF:1
FNH:0
FNDA:0,jwt
DA:1,1
DA:2,1
DA:3,1
DA:5,1
DA:7,1
DA:17,0
LF:6
LH:5
BRF:0
BRH:0
end_of_record
TN:
SF:src/services/user/common.js
FN:5,(anonymous_0)
FN:17,(anonymous_1)
FN:29,(anonymous_2)
FN:42,(anonymous_3)
FN:46,(anonymous_4)
FN:51,(anonymous_5)
FN:55,(anonymous_6)
FNF:7
FNH:0
FNDA:0,(anonymous_0)
FNDA:0,(anonymous_1)
FNDA:0,(anonymous_2)
FNDA:0,(anonymous_3)
FNDA:0,(anonymous_4)
FNDA:0,(anonymous_5)
FNDA:0,(anonymous_6)
DA:1,1
DA:3,1
DA:5,1
DA:6,0
DA:7,0
DA:8,0
DA:9,0
DA:11,0
DA:13,0
DA:17,1
DA:18,0
DA:20,0
DA:22,0
DA:23,0
DA:27,0
DA:29,0
DA:31,0
DA:35,0
DA:37,0
DA:42,1
DA:43,0
DA:46,1
DA:47,0
DA:48,0
DA:51,1
DA:52,0
DA:55,1
DA:56,0
DA:59,1
LF:29
LH:9
BRDA:8,0,0,0
BRDA:8,0,1,0
BRDA:22,1,0,0
BRDA:22,1,1,0
BRDA:27,2,0,0
BRDA:27,2,1,0
BRDA:28,3,0,0
BRDA:28,3,1,0
BRF:8
BRH:0
end_of_record
TN:
SF:src/services/user/routes.js
FN:11,(anonymous_0)
FN:20,(anonymous_1)
FN:31,(anonymous_2)
FN:46,(anonymous_3)
FN:59,(anonymous_4)
FN:72,(anonymous_5)
FN:85,(anonymous_6)
FN:100,(anonymous_7)
FN:116,(anonymous_8)
FN:129,(anonymous_9)
FNF:10
FNH:0
FNDA:0,(anonymous_0)
FNDA:0,(anonymous_1)
FNDA:0,(anonymous_2)
FNDA:0,(anonymous_3)
FNDA:0,(anonymous_4)
FNDA:0,(anonymous_5)
FNDA:0,(anonymous_6)
FNDA:0,(anonymous_7)
FNDA:0,(anonymous_8)
FNDA:0,(anonymous_9)
DA:1,1
DA:2,1
DA:3,1
DA:5,1
DA:9,1
DA:11,1
DA:12,0
DA:13,0
DA:14,0
DA:16,0
DA:20,1
DA:21,0
DA:22,0
DA:23,0
DA:25,0
DA:26,0
DA:31,1
DA:32,0
DA:33,0
DA:34,0
DA:38,0
DA:40,0
DA:46,1
DA:47,0
DA:48,0
DA:49,0
DA:53,0
DA:55,0
DA:59,1
DA:60,0
DA:61,0
DA:62,0
DA:66,0
DA:68,0
DA:72,1
DA:73,0
DA:74,0
DA:75,0
DA:79,0
DA:81,0
DA:85,1
DA:86,0
DA:87,0
DA:88,0
DA:92,0
DA:94,0
DA:98,1
DA:101,0
DA:102,0
DA:103,0
DA:107,0
DA:109,0
DA:114,1
DA:117,0
DA:118,0
DA:119,0
DA:123,0
DA:125,0
DA:129,1
DA:130,0
DA:131,0
DA:132,0
DA:137,0
DA:139,0
DA:143,1
LF:65
LH:16
BRF:0
BRH:0
end_of_record
TN:
SF:src/services/user/userController.js
FN:7,(anonymous_0)
FN:24,(anonymous_1)
FN:42,(anonymous_2)
FN:56,(anonymous_3)
FN:68,(anonymous_4)
FN:77,(anonymous_5)
FN:88,(anonymous_6)
FN:117,(anonymous_7)
FN:133,(anonymous_8)
FN:171,(anonymous_9)
FN:208,(anonymous_10)
FN:237,(anonymous_11)
FN:255,(anonymous_12)
FN:282,(anonymous_13)
FN:294,(anonymous_14)
FN:312,(anonymous_15)
FN:321,(anonymous_16)
FN:340,(anonymous_17)
FN:370,(anonymous_18)
FNF:19
FNH:0
FNDA:0,(anonymous_0)
FNDA:0,(anonymous_1)
FNDA:0,(anonymous_2)
FNDA:0,(anonymous_3)
FNDA:0,(anonymous_4)
FNDA:0,(anonymous_5)
FNDA:0,(anonymous_6)
FNDA:0,(anonymous_7)
FNDA:0,(anonymous_8)
FNDA:0,(anonymous_9)
FNDA:0,(anonymous_10)
FNDA:0,(anonymous_11)
FNDA:0,(anonymous_12)
FNDA:0,(anonymous_13)
FNDA:0,(anonymous_14)
FNDA:0,(anonymous_15)
FNDA:0,(anonymous_16)
FNDA:0,(anonymous_17)
FNDA:0,(anonymous_18)
DA:1,1
DA:3,1
DA:4,1
DA:5,1
DA:7,1
DA:8,0
DA:9,0
DA:10,0
DA:11,0
DA:12,0
DA:17,0
DA:18,0
DA:20,0
DA:24,1
DA:25,0
DA:26,0
DA:27,0
DA:28,0
DA:29,0
DA:30,0
DA:31,0
DA:35,0
DA:37,0
DA:42,1
DA:43,0
DA:44,0
DA:45,0
DA:46,0
DA:47,0
DA:48,0
DA:49,0
DA:50,0
DA:52,0
DA:56,1
DA:57,0
DA:58,0
DA:59,0
DA:60,0
DA:61,0
DA:62,0
DA:64,0
DA:68,1
DA:69,0
DA:70,0
DA:71,0
DA:73,0
DA:77,1
DA:78,0
DA:79,0
DA:80,0
DA:81,0
DA:83,0
DA:88,1
DA:89,0
DA:90,0
DA:91,0
DA:92,0
DA:100,0
DA:101,0
DA:103,0
DA:104,0
DA:106,0
DA:108,0
DA:109,0
DA:111,0
DA:113,0
DA:117,1
DA:118,0
DA:119,0
DA:120,0
DA:121,0
DA:122,0
DA:123,0
DA:126,0
DA:128,0
DA:133,1
DA:134,0
DA:135,0
DA:136,0
DA:137,0
DA:138,0
DA:139,0
DA:140,0
DA:141,0
DA:142,0
DA:143,0
DA:144,0
DA:145,0
DA:146,0
DA:148,0
DA:150,0
DA:156,0
DA:157,0
DA:158,0
DA:162,0
DA:164,0
DA:166,0
DA:171,1
DA:172,0
DA:173,0
DA:174,0
DA:175,0
DA:183,0
DA:184,0
DA:185,0
DA:186,0
DA:188,0
DA:190,0
DA:191,0
DA:194,0
DA:195,0
DA:196,0
DA:198,0
DA:199,0
DA:200,0
DA:202,0
DA:203,0
DA:205,0
DA:206,0
DA:207,0
DA:208,0
DA:209,0
DA:211,0
DA:216,0
DA:220,0
DA:228,0
DA:229,0
DA:231,0
DA:233,0
DA:237,1
DA:238,0
DA:239,0
DA:240,0
DA:241,0
DA:242,0
DA:243,0
DA:245,0
DA:248,0
DA:250,0
DA:255,1
DA:257,0
DA:258,0
DA:267,0
DA:268,0
DA:269,0
DA:270,0
DA:271,0
DA:276,0
DA:278,0
DA:282,1
DA:283,0
DA:284,0
DA:288,0
DA:290,0
DA:294,1
DA:295,0
DA:296,0
DA:306,0
DA:308,0
DA:312,1
DA:313,0
DA:314,0
DA:316,0
DA:321,1
DA:322,0
DA:323,0
DA:324,0
DA:325,0
DA:327,0
DA:328,0
DA:329,0
DA:335,0
DA:336,0
DA:337,0
DA:339,0
DA:340,0
DA:341,0
DA:343,0
DA:347,0
DA:348,0
DA:349,0
DA:351,0
DA:352,0
DA:361,0
DA:362,0
DA:363,0
DA:365,0
DA:366,0
DA:367,0
DA:370,1
DA:371,0
DA:372,0
DA:373,0
DA:382,0
DA:383,0
DA:384,0
DA:386,0
DA:388,0
DA:393,1
LF:199
LH:22
BRDA:28,0,0,0
BRDA:28,0,1,0
BRDA:30,1,0,0
BRDA:30,1,1,0
BRDA:42,2,0,0
BRDA:88,3,0,0
BRDA:88,4,0,0
BRDA:90,5,0,0
BRDA:90,5,1,0
BRDA:103,6,0,0
BRDA:103,6,1,0
BRDA:104,7,0,0
BRDA:104,7,1,0
BRDA:104,8,0,0
BRDA:104,8,1,0
BRDA:122,9,0,0
BRDA:122,9,1,0
BRDA:133,10,0,0
BRDA:139,11,0,0
BRDA:139,11,1,0
BRDA:145,12,0,0
BRDA:145,12,1,0
BRDA:157,13,0,0
BRDA:157,13,1,0
BRDA:171,14,0,0
BRDA:171,15,0,0
BRDA:185,16,0,0
BRDA:185,16,1,0
BRDA:186,17,0,0
BRDA:186,17,1,0
BRDA:186,18,0,0
BRDA:186,18,1,0
BRDA:190,19,0,0
BRDA:190,19,1,0
BRDA:194,20,0,0
BRDA:194,20,1,0
BRDA:198,21,0,0
BRDA:198,21,1,0
BRDA:202,22,0,0
BRDA:202,22,1,0
BRDA:237,23,0,0
BRDA:240,24,0,0
BRDA:240,24,1,0
BRDA:241,25,0,0
BRDA:241,25,1,0
BRDA:255,26,0,0
BRDA:268,27,0,0
BRDA:268,27,1,0
BRDA:268,28,0,0
BRDA:268,28,1,0
BRDA:270,29,0,0
BRDA:270,29,1,0
BRDA:383,30,0,0
BRDA:383,30,1,0
BRF:54
BRH:0
end_of_record
TN:
SF:src/services/user/providers/userProvider.js
FN:15,(anonymous_0)
FN:32,(anonymous_1)
FN:56,(anonymous_2)
FN:80,(anonymous_3)
FN:92,(anonymous_4)
FN:108,(anonymous_5)
FN:109,(anonymous_6)
FN:114,(anonymous_7)
FN:133,(anonymous_8)
FN:145,(anonymous_9)
FN:154,(anonymous_10)
FN:163,(anonymous_11)
FN:176,(anonymous_12)
FN:196,(anonymous_13)
FN:208,(anonymous_14)
FN:217,(anonymous_15)
FN:255,(anonymous_16)
FN:260,(anonymous_17)
FN:272,(anonymous_18)
FN:274,(anonymous_19)
FN:275,(anonymous_20)
FN:284,(anonymous_21)
FN:285,(anonymous_22)
FN:288,(anonymous_23)
FN:295,(anonymous_24)
FN:296,(anonymous_25)
FN:299,(anonymous_26)
FN:304,(anonymous_27)
FN:310,(anonymous_28)
FN:316,(anonymous_29)
FN:336,(anonymous_30)
FN:341,(anonymous_31)
FNF:32
FNH:0
FNDA:0,(anonymous_0)
FNDA:0,(anonymous_1)
FNDA:0,(anonymous_2)
FNDA:0,(anonymous_3)
FNDA:0,(anonymous_4)
FNDA:0,(anonymous_5)
FNDA:0,(anonymous_6)
FNDA:0,(anonymous_7)
FNDA:0,(anonymous_8)
FNDA:0,(anonymous_9)
FNDA:0,(anonymous_10)
FNDA:0,(anonymous_11)
FNDA:0,(anonymous_12)
FNDA:0,(anonymous_13)
FNDA:0,(anonymous_14)
FNDA:0,(anonymous_15)
FNDA:0,(anonymous_16)
FNDA:0,(anonymous_17)
FNDA:0,(anonymous_18)
FNDA:0,(anonymous_19)
FNDA:0,(anonymous_20)
FNDA:0,(anonymous_21)
FNDA:0,(anonymous_22)
FNDA:0,(anonymous_23)
FNDA:0,(anonymous_24)
FNDA:0,(anonymous_25)
FNDA:0,(anonymous_26)
FNDA:0,(anonymous_27)
FNDA:0,(anonymous_28)
FNDA:0,(anonymous_29)
FNDA:0,(anonymous_30)
FNDA:0,(anonymous_31)
DA:1,1
DA:2,1
DA:4,1
DA:5,1
DA:9,1
DA:11,1
DA:13,1
DA:15,1
DA:16,0
DA:17,0
DA:26,0
DA:28,0
DA:32,1
DA:33,0
DA:34,0
DA:50,0
DA:52,0
DA:56,1
DA:57,0
DA:58,0
DA:67,0
DA:68,0
DA:69,0
DA:70,0
DA:72,0
DA:73,0
DA:75,0
DA:77,0
DA:80,1
DA:81,0
DA:82,0
DA:86,0
DA:88,0
DA:92,1
DA:93,0
DA:94,0
DA:96,0
DA:99,0
DA:100,0
DA:102,0
DA:104,0
DA:108,1
DA:109,0
DA:110,0
DA:114,0
DA:115,0
DA:117,0
DA:118,0
DA:122,0
DA:123,0
DA:124,0
DA:127,0
DA:128,0
DA:133,1
DA:134,0
DA:135,0
DA:138,0
DA:139,0
DA:140,0
DA:142,0
DA:145,1
DA:146,0
DA:147,0
DA:148,0
DA:150,0
DA:154,1
DA:155,0
DA:156,0
DA:157,0
DA:159,0
DA:163,1
DA:164,0
DA:165,0
DA:170,0
DA:172,0
DA:176,1
DA:182,0
DA:183,0
DA:190,0
DA:192,0
DA:196,1
DA:197,0
DA:198,0
DA:202,0
DA:204,0
DA:208,1
DA:210,0
DA:211,0
DA:213,0
DA:217,1
DA:218,0
DA:219,0
DA:220,0
DA:222,0
DA:225,0
DA:226,0
DA:227,0
DA:228,0
DA:230,0
DA:231,0
DA:234,0
DA:235,0
DA:236,0
DA:239,0
DA:241,0
DA:242,0
DA:243,0
DA:247,0
DA:254,0
DA:255,0
DA:256,0
DA:260,0
DA:264,0
DA:266,0
DA:268,0
DA:272,1
DA:273,0
DA:274,0
DA:275,0
DA:276,0
DA:280,0
DA:284,1
DA:285,0
DA:286,0
DA:287,0
DA:288,0
DA:289,0
DA:290,0
DA:295,1
DA:296,0
DA:297,0
DA:298,0
DA:299,0
DA:300,0
DA:304,0
DA:306,0
DA:310,0
DA:311,0
DA:316,1
DA:317,0
DA:319,0
DA:323,0
DA:324,0
DA:325,0
DA:328,0
DA:335,0
DA:336,0
DA:337,0
DA:341,0
DA:344,0
DA:345,0
DA:347,0
DA:351,1
LF:153
LH:26
BRDA:122,0,0,0
BRDA:122,0,1,0
BRDA:140,1,0,0
BRDA:140,1,1,0
BRDA:147,2,0,0
BRDA:147,2,1,0
BRDA:156,3,0,0
BRDA:156,3,1,0
BRDA:190,4,0,0
BRDA:190,4,1,0
BRDA:202,5,0,0
BRDA:202,5,1,0
BRDA:222,6,0,0
BRDA:222,6,1,0
BRDA:234,7,0,0
BRDA:234,7,1,0
BRDA:260,8,0,0
BRDA:260,8,1,0
BRDA:266,9,0,0
BRDA:266,9,1,0
BRDA:341,10,0,0
BRDA:341,10,1,0
BRDA:345,11,0,0
BRDA:345,11,1,0
BRF:24
BRH:0
end_of_record
