<?xml version="1.0" encoding="UTF-8"?>
<testExecutions version="1">
    <file path="/Users/shoryasaxena/Desktop/code/node/nodeDynamoCaliper/test/index.test.js">
        <testCase name="Get Endpoints Get" duration="5008">
            <failure message="TypeError: app.address is not a function"><![CDATA[TypeError: app.address is not a function
    at Test.Object.<anonymous>.Test.serverAddress (/Users/shoryasaxena/Desktop/code/node/nodeDynamoCaliper/node_modules/supertest/lib/test.js:57:18)
    at new Test (/Users/shoryasaxena/Desktop/code/node/nodeDynamoCaliper/node_modules/supertest/lib/test.js:38:12)
    at Object.get (/Users/shoryasaxena/Desktop/code/node/nodeDynamoCaliper/node_modules/supertest/index.js:27:14)
    at Object.<anonymous> (/Users/shoryasaxena/Desktop/code/node/nodeDynamoCaliper/test/index.test.js:6:10)
    at Promise.then.completed (/Users/shoryasaxena/Desktop/code/node/nodeDynamoCaliper/node_modules/jest-circus/build/utils.js:380:26)
    at new Promise (<anonymous>)
    at callAsyncCircusFn (/Users/shoryasaxena/Desktop/code/node/nodeDynamoCaliper/node_modules/jest-circus/build/utils.js:315:10)
    at _callCircusTest (/Users/shoryasaxena/Desktop/code/node/nodeDynamoCaliper/node_modules/jest-circus/build/run.js:218:40)
    at processTicksAndRejections (internal/process/task_queues.js:95:5)
    at _runTest (/Users/shoryasaxena/Desktop/code/node/nodeDynamoCaliper/node_modules/jest-circus/build/run.js:155:3)]]></failure>
            <failure message="Error: thrown: &quot;Exceeded timeout of 5000 ms for a test."><![CDATA[Error: thrown: "Exceeded timeout of 5000 ms for a test.
Use jest.setTimeout(newTimeout) to increase the timeout value, if this is a long-running test."
    at /Users/shoryasaxena/Desktop/code/node/nodeDynamoCaliper/test/index.test.js:4:5
    at _dispatchDescribe (/Users/shoryasaxena/Desktop/code/node/nodeDynamoCaliper/node_modules/jest-circus/build/index.js:97:26)
    at describe (/Users/shoryasaxena/Desktop/code/node/nodeDynamoCaliper/node_modules/jest-circus/build/index.js:60:5)
    at Object.<anonymous> (/Users/shoryasaxena/Desktop/code/node/nodeDynamoCaliper/test/index.test.js:3:1)
    at Runtime._execModule (/Users/shoryasaxena/Desktop/code/node/nodeDynamoCaliper/node_modules/jest-runtime/build/index.js:1641:24)
    at Runtime._loadModule (/Users/shoryasaxena/Desktop/code/node/nodeDynamoCaliper/node_modules/jest-runtime/build/index.js:1195:12)
    at Runtime.requireModule (/Users/shoryasaxena/Desktop/code/node/nodeDynamoCaliper/node_modules/jest-runtime/build/index.js:1019:12)
    at jestAdapter (/Users/shoryasaxena/Desktop/code/node/nodeDynamoCaliper/node_modules/jest-circus/build/legacy-code-todo-rewrite/jestAdapter.js:79:13)
    at processTicksAndRejections (internal/process/task_queues.js:95:5)
    at runTestInternal (/Users/shoryasaxena/Desktop/code/node/nodeDynamoCaliper/node_modules/jest-runner/build/runTest.js:389:16)]]></failure>
        </testCase>
    </file>
</testExecutions>